14:30:40 [main] INFO  DatabaseFactory - Creating a new database based on Mock for Path, hashCode: 802581203 and Mock for Path, hashCode: 1561408618.
15:18:27 [main] INFO  DatabaseFactory - Creating a new database based on Mock for Path, hashCode: 8996952 and Mock for Path, hashCode: 2063009760.
15:18:27 [main] INFO  DatabaseFactory - Database creation successful.
15:18:27 [main] INFO  DatabaseFactory - Creating a new database based on Mock for Path, hashCode: 521331027 and Mock for Path, hashCode: 949314262.
15:18:27 [main] INFO  DatabaseFactory - Database creation successful.
15:18:27 [main] INFO  DatabaseFactory - Creating a new database based on Mock for Path, hashCode: 1626529981 and Mock for Path, hashCode: 1184694332.
15:18:27 [main] INFO  DatabaseFactory - Database creation successful.
15:18:27 [main] INFO  DatabaseFactory - Creating a new database based on Mock for Path, hashCode: 663716901 and Mock for Path, hashCode: 1767532961.
15:18:27 [main] INFO  DatabaseFactory - Database creation successful.
15:28:40 [main] INFO  DatabaseFactory - Creating a new database based on Mock for Path, hashCode: 1592763413 and Mock for Path, hashCode: 404586280.
15:28:40 [main] INFO  DatabaseFactory - Database creation successful.
15:28:40 [main] INFO  DatabaseFactory - Creating a new database based on Mock for Path, hashCode: 1002911155 and Mock for Path, hashCode: 1467977993.
15:28:40 [main] INFO  DatabaseFactory - Database creation successful.
15:28:40 [main] INFO  DatabaseFactory - Creating a new database based on Mock for Path, hashCode: 1908999587 and Mock for Path, hashCode: 816804727.
15:28:40 [main] INFO  DatabaseFactory - Database creation successful.
15:28:40 [main] INFO  DatabaseFactory - Creating a new database based on Mock for Path, hashCode: 1186989416 and Mock for Path, hashCode: 1456265041.
15:28:40 [main] INFO  DatabaseFactory - Database creation successful.
15:29:08 [main] INFO  DatabaseFactory - Creating a new database based on Mock for Path, hashCode: 1592763413 and Mock for Path, hashCode: 404586280.
15:29:08 [main] INFO  DatabaseFactory - Database creation successful.
15:29:08 [main] INFO  DatabaseFactory - Creating a new database based on Mock for Path, hashCode: 1002911155 and Mock for Path, hashCode: 1467977993.
15:29:08 [main] INFO  DatabaseFactory - Database creation successful.
15:29:08 [main] INFO  DatabaseFactory - Creating a new database based on Mock for Path, hashCode: 1792473683 and Mock for Path, hashCode: 1441410416.
15:29:08 [main] INFO  DatabaseFactory - Database creation successful.
15:29:08 [main] INFO  DatabaseFactory - Creating a new database based on Mock for Path, hashCode: 184244257 and Mock for Path, hashCode: 1275011461.
15:29:08 [main] INFO  DatabaseFactory - Database creation successful.
15:29:56 [main] INFO  DatabaseFactory - Creating a new database based on Mock for Path, hashCode: 1160546880 and Mock for Path, hashCode: 1396851684.
15:29:57 [main] INFO  DatabaseFactory - Database creation successful.
15:29:57 [main] INFO  DatabaseFactory - Creating a new database based on Mock for Path, hashCode: 1441410416 and Mock for Path, hashCode: 99042020.
15:29:57 [main] INFO  DatabaseFactory - Database creation successful.
15:29:57 [main] INFO  DatabaseFactory - Creating a new database based on Mock for Path, hashCode: 670517043 and Mock for Path, hashCode: 2079278380.
15:29:57 [main] INFO  DatabaseFactory - Database creation successful.
15:29:57 [main] INFO  DatabaseFactory - Creating a new database based on Mock for Path, hashCode: 1651689839 and Mock for Path, hashCode: 1843594609.
15:29:57 [main] INFO  DatabaseFactory - Database creation successful.
15:32:19 [main] INFO  DatabaseFactory - Creating a new database based on Mock for Path, hashCode: 1725266971 and Mock for Path, hashCode: 659115590.
15:32:19 [main] INFO  DatabaseFactory - Database creation successful.
15:32:19 [main] INFO  DatabaseFactory - Creating a new database based on Mock for Path, hashCode: 1113414982 and Mock for Path, hashCode: 428798670.
15:32:19 [main] INFO  DatabaseFactory - Database creation successful.
15:32:19 [main] INFO  DatabaseFactory - Creating a new database based on Mock for Path, hashCode: 1244263056 and Mock for Path, hashCode: 1273895132.
15:32:19 [main] INFO  DatabaseFactory - Database creation successful.
15:32:19 [main] INFO  DatabaseFactory - Creating a new database based on Mock for Path, hashCode: 1220813917 and Mock for Path, hashCode: 1039759545.
15:32:19 [main] INFO  DatabaseFactory - Database creation successful.
15:34:38 [main] INFO  DatabaseFactory - Creating a new database based on Mock for Path, hashCode: 215632153 and Mock for Path, hashCode: 2135790485.
15:34:38 [main] INFO  DatabaseFactory - Database creation successful.
15:34:38 [main] INFO  DatabaseFactory - Creating a new database based on Mock for Path, hashCode: 1592712032 and Mock for Path, hashCode: 1073878937.
15:34:38 [main] INFO  DatabaseFactory - Database creation successful.
15:34:38 [main] INFO  DatabaseFactory - Creating a new database based on Mock for Path, hashCode: 1241758568 and Mock for Path, hashCode: 1317441269.
15:34:38 [main] INFO  DatabaseFactory - Database creation successful.
15:34:38 [main] INFO  DatabaseFactory - Creating a new database based on Mock for Path, hashCode: 797416363 and Mock for Path, hashCode: 491152599.
15:34:38 [main] INFO  DatabaseFactory - Database creation successful.
15:35:09 [main] INFO  DatabaseFactory - Creating a new database based on Mock for Path, hashCode: 215632153 and Mock for Path, hashCode: 2135790485.
15:35:09 [main] INFO  DatabaseFactory - Database creation successful.
15:35:09 [main] INFO  DatabaseFactory - Creating a new database based on Mock for Path, hashCode: 1592712032 and Mock for Path, hashCode: 1073878937.
15:35:09 [main] INFO  DatabaseFactory - Database creation successful.
15:35:09 [main] INFO  DatabaseFactory - Creating a new database based on Mock for Path, hashCode: 1241758568 and Mock for Path, hashCode: 1317441269.
15:35:09 [main] INFO  DatabaseFactory - Database creation successful.
15:35:09 [main] INFO  DatabaseFactory - Creating a new database based on Mock for Path, hashCode: 797416363 and Mock for Path, hashCode: 491152599.
15:35:09 [main] INFO  DatabaseFactory - Database creation successful.
15:35:13 [main] INFO  DatabaseFactory - Creating a new database based on Mock for Path, hashCode: 1725266971 and Mock for Path, hashCode: 659115590.
15:35:13 [main] INFO  DatabaseFactory - Database creation successful.
15:35:13 [main] INFO  DatabaseFactory - Creating a new database based on Mock for Path, hashCode: 1113414982 and Mock for Path, hashCode: 428798670.
15:35:13 [main] INFO  DatabaseFactory - Database creation successful.
15:35:13 [main] INFO  DatabaseFactory - Creating a new database based on Mock for Path, hashCode: 1244263056 and Mock for Path, hashCode: 1273895132.
15:35:13 [main] INFO  DatabaseFactory - Database creation successful.
15:35:13 [main] INFO  DatabaseFactory - Creating a new database based on Mock for Path, hashCode: 1220813917 and Mock for Path, hashCode: 1039759545.
15:35:13 [main] INFO  DatabaseFactory - Database creation successful.
15:37:54 [main] INFO  DatabaseFactory - Creating a new database based on Mock for Path, hashCode: 1725266971 and Mock for Path, hashCode: 659115590.
15:37:54 [main] INFO  DatabaseFactory - Database creation successful.
15:37:54 [main] INFO  DatabaseFactory - Creating a new database based on Mock for Path, hashCode: 1113414982 and Mock for Path, hashCode: 428798670.
15:37:54 [main] INFO  DatabaseFactory - Database creation successful.
15:37:54 [main] INFO  DatabaseFactory - Creating a new database based on Mock for Path, hashCode: 1244263056 and Mock for Path, hashCode: 1273895132.
15:37:54 [main] INFO  DatabaseFactory - Database creation successful.
15:37:54 [main] INFO  DatabaseFactory - Creating a new database based on Mock for Path, hashCode: 1220813917 and Mock for Path, hashCode: 1039759545.
15:37:54 [main] INFO  DatabaseFactory - Database creation successful.
15:43:08 [main] INFO  DatabaseFactory - Creating a new database based on Mock for Path, hashCode: 1130598644 and Mock for Path, hashCode: 1015799131.
15:46:25 [main] INFO  DatabaseFactory - Creating a new database based on Mock for Path, hashCode: 1222094219 and Mock for Path, hashCode: 2114270481.
15:46:56 [main] INFO  DatabaseFactory - Creating a new database based on Mock for Path, hashCode: 1222094219 and Mock for Path, hashCode: 2114270481.
15:47:54 [main] INFO  DatabaseFactory - Creating a new database based on Mock for Path, hashCode: 939475028 and Mock for Path, hashCode: 8996952.
15:48:11 [main] INFO  DatabaseFactory - Creating a new database based on Mock for Path, hashCode: 1405055124 and Mock for Path, hashCode: 653337757.
15:50:22 [main] INFO  DatabaseFactory - Creating a new database based on Mock for Path, hashCode: 800497654 and Mock for Path, hashCode: 215632153.
15:50:22 [main] INFO  DatabaseFactory - Database creation successful.
15:50:48 [main] INFO  DatabaseFactory - Creating a new database based on Mock for Path, hashCode: 800497654 and Mock for Path, hashCode: 215632153.
15:50:48 [main] INFO  DatabaseFactory - Database creation successful.
15:50:48 [main] INFO  DatabaseFactory - Creating a new database based on Mock for Path, hashCode: 47268007 and Mock for Path, hashCode: 880533231.
15:50:48 [main] INFO  DatabaseFactory - Database creation successful.
15:53:21 [main] INFO  DatabaseFactory - Creating a new database based on Mock for Path, hashCode: 800497654 and Mock for Path, hashCode: 215632153.
15:53:21 [main] INFO  DatabaseFactory - Database creation successful.
15:54:54 [main] INFO  DatabaseFactory - Creating a new database based on Mock for Path, hashCode: 800497654 and Mock for Path, hashCode: 215632153.
15:54:54 [main] INFO  DatabaseFactory - Database creation successful.
15:55:02 [main] INFO  DatabaseFactory - Creating a new database based on Mock for Path, hashCode: 115397800 and Mock for Path, hashCode: 1691858720.
15:55:02 [main] INFO  DatabaseFactory - Database creation successful.
15:55:10 [main] INFO  DatabaseFactory - Creating a new database based on Mock for Path, hashCode: 800497654 and Mock for Path, hashCode: 215632153.
15:55:10 [main] INFO  DatabaseFactory - Database creation successful.
15:55:52 [main] INFO  DatabaseFactory - Creating a new database based on Mock for Path, hashCode: 1725266971 and Mock for Path, hashCode: 659115590.
15:55:52 [main] INFO  DatabaseFactory - Database creation successful.
15:55:52 [main] INFO  DatabaseFactory - Creating a new database based on Mock for Path, hashCode: 1113414982 and Mock for Path, hashCode: 428798670.
15:55:52 [main] INFO  DatabaseFactory - Database creation successful.
15:55:52 [main] INFO  DatabaseFactory - Creating a new database based on Mock for Path, hashCode: 1244263056 and Mock for Path, hashCode: 1273895132.
15:55:52 [main] INFO  DatabaseFactory - Database creation successful.
15:55:52 [main] INFO  DatabaseFactory - Creating a new database based on Mock for Path, hashCode: 1220813917 and Mock for Path, hashCode: 1039759545.
15:55:52 [main] INFO  DatabaseFactory - Database creation successful.
15:57:58 [main] INFO  DatabaseFactory - Creating a new database based on Mock for Path, hashCode: 800497654 and Mock for Path, hashCode: 215632153.
15:57:58 [main] INFO  DatabaseFactory - Database creation successful.
16:01:28 [main] INFO  DatabaseFactory - Creating a new database based on Mock for Path, hashCode: 800497654 and Mock for Path, hashCode: 215632153.
16:01:28 [main] INFO  DatabaseFactory - Database creation successful.
16:01:50 [main] INFO  DatabaseFactory - Creating a new database based on Mock for Path, hashCode: 1537689020 and Mock for Path, hashCode: 1699443392.
16:01:50 [main] INFO  DatabaseFactory - Database creation successful.
16:08:09 [main] INFO  DatabaseFactory - Creating a new database based on Mock for Path, hashCode: 1398508580 and Mock for Path, hashCode: 1251285265.
16:08:09 [main] INFO  DatabaseFactory - Database creation successful.
16:12:30 [main] INFO  DatabaseFactory - Creating a new database based on Mock for Path, hashCode: 1398508580 and Mock for Path, hashCode: 1251285265.
16:12:30 [main] INFO  DatabaseFactory - Database creation successful.
11:59:34 [main] INFO  StorageManagerFactory - Creating a new storage manager...
11:59:35 [main] INFO  StorageManagerFactory - Created a new storage manager. Initializing free blocks.
11:59:35 [main] INFO  StorageManagerFactory - Initialized free blocks.
11:59:36 [main] INFO  DatabaseFactory - Creating a new database based on Mock for Path, hashCode: 2142411945 and Mock for Path, hashCode: 505756829.
11:59:36 [main] INFO  DatabaseFactory - Database creation successful.
11:59:36 [main] INFO  DatabaseFactory - Creating a new database based on Mock for Path, hashCode: 318644008 and Mock for Path, hashCode: 1346237136.
11:59:36 [main] INFO  DatabaseFactory - Database creation successful.
11:59:36 [main] INFO  DatabaseFactory - Creating a new database based on Mock for Path, hashCode: 995911260 and Mock for Path, hashCode: 2028042905.
11:59:36 [main] INFO  DatabaseFactory - Database creation successful.
11:59:36 [main] INFO  DatabaseFactory - Creating a new database based on Mock for Path, hashCode: 2003311844 and Mock for Path, hashCode: 1570160120.
11:59:36 [main] INFO  DatabaseFactory - Database creation successful.
11:59:37 [main] INFO  DatabaseFactory - Creating a new database based on Mock for Path, hashCode: 1221274995 and Mock for Path, hashCode: 607907975.
11:59:37 [main] INFO  DatabaseFactory - Database creation successful.
19:53:06 [main] INFO  StorageManagerFactory - Creating a new storage manager...
19:53:06 [main] INFO  StorageManagerFactory - Created a new storage manager. Initializing free blocks.
19:53:06 [main] INFO  StorageManagerFactory - Initialized free blocks.
19:53:07 [main] INFO  DatabaseFactory - Creating a new database based on Mock for Path, hashCode: 319144230 and Mock for Path, hashCode: 1928983164.
19:53:07 [main] INFO  DatabaseFactory - Database creation successful.
19:53:07 [main] INFO  DatabaseFactory - Creating a new database based on Mock for Path, hashCode: 1071245351 and Mock for Path, hashCode: 1315447704.
19:53:07 [main] INFO  DatabaseFactory - Database creation successful.
19:53:07 [main] INFO  DatabaseFactory - Creating a new database based on Mock for Path, hashCode: 2142536057 and Mock for Path, hashCode: 538721498.
19:53:07 [main] INFO  DatabaseFactory - Database creation successful.
19:53:07 [main] INFO  DatabaseFactory - Creating a new database based on Mock for Path, hashCode: 1552133633 and Mock for Path, hashCode: 761577728.
19:53:07 [main] INFO  DatabaseFactory - Database creation successful.
19:53:09 [main] INFO  DatabaseFactory - Creating a new database based on Mock for Path, hashCode: 686688828 and Mock for Path, hashCode: 48042118.
19:53:09 [main] INFO  DatabaseFactory - Database creation successful.
19:55:52 [main] INFO  DatabaseFactory - Creating a new database based on Mock for Path, hashCode: 1186371052 and Mock for Path, hashCode: 1082528716.
19:55:52 [main] INFO  DatabaseFactory - Database creation successful.
19:59:11 [main] INFO  DatabaseFactory - Creating a new database based on Mock for Path, hashCode: 1186371052 and Mock for Path, hashCode: 1082528716.
19:59:11 [main] INFO  DatabaseFactory - Database creation successful.
19:59:11 [main] INFO  DatabaseFactory - Creating a new database based on Mock for Path, hashCode: 1186371052 and Mock for Path, hashCode: 1082528716.
19:59:11 [main] INFO  DatabaseFactory - Database creation successful.
20:00:09 [main] INFO  DatabaseFactory - Creating a new database based on Mock for Path, hashCode: 1617937669 and Mock for Path, hashCode: 78265654.
20:00:09 [main] INFO  DatabaseFactory - Database creation successful.
20:00:09 [main] INFO  DatabaseFactory - Creating a new database based on Mock for Path, hashCode: 1617937669 and Mock for Path, hashCode: 78265654.
20:00:09 [main] INFO  DatabaseFactory - Database creation successful.
06:10:37 [main] INFO  DatabaseFactory - Creating a new database based on Mock for Path, hashCode: 2135790485 and Mock for Path, hashCode: 790229674.
06:10:37 [main] INFO  DatabaseFactory - Database creation successful.
06:10:44 [main] INFO  DatabaseFactory - Creating a new database based on Mock for Path, hashCode: 1315795813 and Mock for Path, hashCode: 2081269248.
06:10:45 [main] INFO  DatabaseFactory - Database creation successful.
06:10:45 [main] INFO  DatabaseFactory - Creating a new database based on Mock for Path, hashCode: 691096777 and Mock for Path, hashCode: 1312348533.
06:10:45 [main] INFO  DatabaseFactory - Database creation successful.
06:10:45 [main] INFO  DatabaseFactory - Creating a new database based on Mock for Path, hashCode: 1554118033 and Mock for Path, hashCode: 1428022141.
06:10:45 [main] INFO  DatabaseFactory - Database creation successful.
06:10:45 [main] INFO  DatabaseFactory - Creating a new database based on Mock for Path, hashCode: 766101 and Mock for Path, hashCode: 2004628751.
06:10:45 [main] INFO  DatabaseFactory - Database creation successful.
06:10:52 [main] INFO  StorageManagerFactory - Creating a new storage manager...
06:10:52 [main] INFO  StorageManagerFactory - Created a new storage manager. Initializing free blocks.
06:10:52 [main] INFO  StorageManagerFactory - Initialized free blocks.
06:14:22 [main] INFO  StorageManagerFactory - Creating a new storage manager...
06:14:22 [main] INFO  StorageManagerFactory - Created a new storage manager. Initializing free blocks.
06:14:22 [main] INFO  StorageManagerFactory - Initialized free blocks.
06:14:24 [main] INFO  DatabaseFactory - Creating a new database based on Mock for Path, hashCode: 319144230 and Mock for Path, hashCode: 1928983164.
06:14:24 [main] INFO  DatabaseFactory - Database creation successful.
06:14:24 [main] INFO  DatabaseFactory - Creating a new database based on Mock for Path, hashCode: 1071245351 and Mock for Path, hashCode: 1315447704.
06:14:24 [main] INFO  DatabaseFactory - Database creation successful.
06:14:24 [main] INFO  DatabaseFactory - Creating a new database based on Mock for Path, hashCode: 2142536057 and Mock for Path, hashCode: 538721498.
06:14:24 [main] INFO  DatabaseFactory - Database creation successful.
06:14:24 [main] INFO  DatabaseFactory - Creating a new database based on Mock for Path, hashCode: 1552133633 and Mock for Path, hashCode: 761577728.
06:14:24 [main] INFO  DatabaseFactory - Database creation successful.
06:14:25 [main] INFO  DatabaseFactory - Creating a new database based on Mock for Path, hashCode: 561133045 and Mock for Path, hashCode: 1262573693.
06:14:25 [main] INFO  DatabaseFactory - Database creation successful.
